2026-04-10 20:08:01,948 - INFO - Directory exists.
2026-04-10 20:08:01,948 - INFO - Metadata file '16_RRvsRCB_meta.json' exists.
2026-04-10 20:08:01,948 - INFO - Loading data from 16_RRvsRCB_meta.json
2026-04-10 20:08:03,047 - ERROR - Error reading '16_RRvsRCB_meta.json' from S3: An error occurred (NoSuchKey) when calling the GetObject operation: The specified key does not exist.
2026-04-10 20:08:03,048 - INFO - Extracting Ball event data..
2026-04-10 20:08:03,261 - INFO - Getting Match Status:
2026-04-10 20:08:03,262 - INFO - MATCH STATE 1: Have Your Say
2026-04-10 20:08:03,263 - INFO - MATCH STATE 2: Rajasthan Royals opt to bowl
2026-04-10 20:08:03,265 - ERROR - Error in main: 'NoneType' object has no attribute 'text'
2026-04-10 20:09:02,239 - INFO - Directory exists.
2026-04-10 20:09:02,240 - INFO - Metadata file '16_RRvsRCB_meta.json' exists.
2026-04-10 20:09:02,240 - INFO - Loading data from 16_RRvsRCB_meta.json
2026-04-10 20:09:03,239 - ERROR - Error reading '16_RRvsRCB_meta.json' from S3: An error occurred (NoSuchKey) when calling the GetObject operation: The specified key does not exist.
2026-04-10 20:09:03,239 - INFO - Extracting Ball event data..
2026-04-10 20:09:03,405 - INFO - Getting Match Status:
2026-04-10 20:09:03,406 - INFO - MATCH STATE 1: Have Your Say
2026-04-10 20:09:03,407 - INFO - MATCH STATE 2: Rajasthan Royals opt to bowl
2026-04-10 20:09:03,409 - ERROR - Error in main: 'NoneType' object has no attribute 'text'
2026-04-10 20:10:02,385 - INFO - Directory exists.
2026-04-10 20:10:02,386 - INFO - Metadata file '16_RRvsRCB_meta.json' exists.
2026-04-10 20:10:02,386 - INFO - Loading data from 16_RRvsRCB_meta.json
2026-04-10 20:10:03,448 - ERROR - Error reading '16_RRvsRCB_meta.json' from S3: An error occurred (NoSuchKey) when calling the GetObject operation: The specified key does not exist.
2026-04-10 20:10:03,448 - INFO - Extracting Ball event data..
2026-04-10 20:10:03,648 - INFO - Getting Match Status:
2026-04-10 20:10:03,650 - INFO - MATCH STATE 1: Have Your Say
2026-04-10 20:10:03,651 - INFO - MATCH STATE 2: Start delayed due to rain (RR opt to bowl)
2026-04-10 20:11:02,616 - INFO - Directory exists.
2026-04-10 20:11:02,616 - INFO - Metadata file '16_RRvsRCB_meta.json' exists.
2026-04-10 20:11:02,617 - INFO - Loading data from 16_RRvsRCB_meta.json
2026-04-10 20:11:03,559 - ERROR - Error reading '16_RRvsRCB_meta.json' from S3: An error occurred (NoSuchKey) when calling the GetObject operation: The specified key does not exist.
2026-04-10 20:11:03,559 - INFO - Extracting Ball event data..
2026-04-10 20:11:03,723 - INFO - Getting Match Status:
2026-04-10 20:11:03,725 - INFO - MATCH STATE 1: Have Your Say
2026-04-10 20:11:03,726 - INFO - MATCH STATE 2: Start delayed due to rain (RR opt to bowl)
2026-04-10 20:12:02,684 - INFO - Directory exists.
2026-04-10 20:12:02,684 - INFO - Metadata file '16_RRvsRCB_meta.json' exists.
2026-04-10 20:12:02,684 - INFO - Loading data from 16_RRvsRCB_meta.json
2026-04-10 20:12:03,774 - ERROR - Error reading '16_RRvsRCB_meta.json' from S3: An error occurred (NoSuchKey) when calling the GetObject operation: The specified key does not exist.
2026-04-10 20:12:03,775 - INFO - Extracting Ball event data..
2026-04-10 20:12:03,958 - INFO - Getting Match Status:
2026-04-10 20:12:03,959 - INFO - MATCH STATE 1: Have Your Say
2026-04-10 20:12:03,960 - INFO - MATCH STATE 2: Start delayed due to rain (RR opt to bowl)
2026-04-10 20:13:01,934 - INFO - Directory exists.
2026-04-10 20:13:01,934 - INFO - Metadata file '16_RRvsRCB_meta.json' exists.
2026-04-10 20:13:01,934 - INFO - Loading data from 16_RRvsRCB_meta.json
2026-04-10 20:13:03,167 - ERROR - Error reading '16_RRvsRCB_meta.json' from S3: An error occurred (NoSuchKey) when calling the GetObject operation: The specified key does not exist.
2026-04-10 20:13:03,167 - INFO - Extracting Ball event data..
2026-04-10 20:13:03,342 - INFO - Getting Match Status:
2026-04-10 20:13:03,343 - INFO - MATCH STATE 1: Have Your Say
2026-04-10 20:13:03,345 - INFO - MATCH STATE 2: Start delayed due to rain (RR opt to bowl)
2026-04-10 20:14:02,305 - INFO - Directory exists.
2026-04-10 20:14:02,305 - INFO - Metadata file '16_RRvsRCB_meta.json' exists.
2026-04-10 20:14:02,305 - INFO - Loading data from 16_RRvsRCB_meta.json
2026-04-10 20:14:03,256 - ERROR - Error reading '16_RRvsRCB_meta.json' from S3: An error occurred (NoSuchKey) when calling the GetObject operation: The specified key does not exist.
2026-04-10 20:14:03,256 - INFO - Extracting Ball event data..
2026-04-10 20:14:03,421 - INFO - Getting Match Status:
2026-04-10 20:14:03,422 - INFO - MATCH STATE 1: Have Your Say
2026-04-10 20:14:03,423 - INFO - MATCH STATE 2: Start delayed due to rain (RR opt to bowl)
2026-04-10 20:15:02,373 - INFO - Directory exists.
2026-04-10 20:15:02,373 - INFO - Metadata file '16_RRvsRCB_meta.json' exists.
2026-04-10 20:15:02,374 - INFO - Loading data from 16_RRvsRCB_meta.json
2026-04-10 20:15:03,379 - ERROR - Error reading '16_RRvsRCB_meta.json' from S3: An error occurred (NoSuchKey) when calling the GetObject operation: The specified key does not exist.
2026-04-10 20:15:03,379 - INFO - Extracting Ball event data..
2026-04-10 20:15:03,554 - INFO - Getting Match Status:
2026-04-10 20:15:03,555 - INFO - MATCH STATE 1: Have Your Say
2026-04-10 20:15:03,556 - INFO - MATCH STATE 2: Start delayed due to rain (RR opt to bowl)
2026-04-10 20:16:02,523 - INFO - Directory exists.
2026-04-10 20:16:02,523 - INFO - Metadata file '16_RRvsRCB_meta.json' exists.
2026-04-10 20:16:02,523 - INFO - Loading data from 16_RRvsRCB_meta.json
2026-04-10 20:16:03,490 - ERROR - Error reading '16_RRvsRCB_meta.json' from S3: An error occurred (NoSuchKey) when calling the GetObject operation: The specified key does not exist.
2026-04-10 20:16:03,491 - INFO - Extracting Ball event data..
2026-04-10 20:16:03,672 - INFO - Getting Match Status:
2026-04-10 20:16:03,673 - INFO - MATCH STATE 1: Have Your Say
2026-04-10 20:16:03,674 - INFO - MATCH STATE 2: Start delayed due to rain (RR opt to bowl)
2026-04-10 20:17:02,623 - INFO - Directory exists.
2026-04-10 20:17:02,623 - INFO - Metadata file '16_RRvsRCB_meta.json' exists.
2026-04-10 20:17:02,623 - INFO - Loading data from 16_RRvsRCB_meta.json
2026-04-10 20:17:03,709 - ERROR - Error reading '16_RRvsRCB_meta.json' from S3: An error occurred (NoSuchKey) when calling the GetObject operation: The specified key does not exist.
2026-04-10 20:17:03,709 - INFO - Extracting Ball event data..
2026-04-10 20:17:03,891 - INFO - Getting Match Status:
2026-04-10 20:17:03,892 - INFO - MATCH STATE 1: Have Your Say
2026-04-10 20:17:03,893 - INFO - MATCH STATE 2: Start delayed due to rain (RR opt to bowl)
2026-04-10 20:18:01,847 - INFO - Directory exists.
2026-04-10 20:18:01,847 - INFO - Metadata file '16_RRvsRCB_meta.json' exists.
2026-04-10 20:18:01,847 - INFO - Loading data from 16_RRvsRCB_meta.json
2026-04-10 20:18:03,106 - ERROR - Error reading '16_RRvsRCB_meta.json' from S3: An error occurred (NoSuchKey) when calling the GetObject operation: The specified key does not exist.
2026-04-10 20:18:03,106 - INFO - Extracting Ball event data..
2026-04-10 20:18:03,362 - INFO - Getting Match Status:
2026-04-10 20:18:03,364 - INFO - MATCH STATE 1: Have Your Say
2026-04-10 20:18:03,365 - INFO - MATCH STATE 2: Start delayed due to rain (RR opt to bowl)
2026-04-10 20:19:02,496 - INFO - Directory exists.
2026-04-10 20:19:02,497 - INFO - Metadata file '16_RRvsRCB_meta.json' exists.
2026-04-10 20:19:02,498 - INFO - Loading data from 16_RRvsRCB_meta.json
2026-04-10 20:19:03,404 - ERROR - Error reading '16_RRvsRCB_meta.json' from S3: An error occurred (NoSuchKey) when calling the GetObject operation: The specified key does not exist.
2026-04-10 20:19:03,405 - INFO - Extracting Ball event data..
2026-04-10 20:19:03,770 - INFO - Getting Match Status:
2026-04-10 20:19:03,775 - INFO - MATCH STATE 1: Have Your Say
2026-04-10 20:19:03,778 - INFO - MATCH STATE 2: Start delayed due to rain (RR opt to bowl)
2026-04-10 20:20:01,920 - INFO - Directory exists.
2026-04-10 20:20:01,920 - INFO - Metadata file '16_RRvsRCB_meta.json' exists.
2026-04-10 20:20:01,920 - INFO - Loading data from 16_RRvsRCB_meta.json
2026-04-10 20:20:03,011 - INFO - Successfully read from S3 file: 16_RRvsRCB_meta.json
2026-04-10 20:20:03,012 - INFO - Extracting Ball event data..
2026-04-10 20:20:03,204 - INFO - Getting Match Status:
2026-04-10 20:20:03,205 - INFO - MATCH STATE 1: Have Your Say
2026-04-10 20:20:03,206 - INFO - MATCH STATE 2: Start delayed due to rain (RR opt to bowl)
2026-04-10 20:21:02,190 - INFO - Directory exists.
2026-04-10 20:21:02,190 - INFO - Metadata file '16_RRvsRCB_meta.json' exists.
2026-04-10 20:21:02,190 - INFO - Loading data from 16_RRvsRCB_meta.json
2026-04-10 20:21:03,075 - INFO - Successfully read from S3 file: 16_RRvsRCB_meta.json
2026-04-10 20:21:03,076 - INFO - Extracting Ball event data..
2026-04-10 20:21:03,255 - INFO - Getting Match Status:
2026-04-10 20:21:03,257 - INFO - MATCH STATE 1: Have Your Say
2026-04-10 20:21:03,258 - INFO - MATCH STATE 2: Start delayed due to rain (RR opt to bowl)
2026-04-10 20:22:02,248 - INFO - Directory exists.
2026-04-10 20:22:02,248 - INFO - Metadata file '16_RRvsRCB_meta.json' exists.
2026-04-10 20:22:02,248 - INFO - Loading data from 16_RRvsRCB_meta.json
2026-04-10 20:22:03,181 - INFO - Successfully read from S3 file: 16_RRvsRCB_meta.json
2026-04-10 20:22:03,181 - INFO - Extracting Ball event data..
2026-04-10 20:22:03,398 - INFO - Getting Match Status:
2026-04-10 20:22:03,400 - INFO - MATCH STATE 1: Have Your Say
2026-04-10 20:22:03,401 - INFO - MATCH STATE 2: Start delayed due to rain (RR opt to bowl)
2026-04-10 20:23:02,377 - INFO - Directory exists.
2026-04-10 20:23:02,377 - INFO - Metadata file '16_RRvsRCB_meta.json' exists.
2026-04-10 20:23:02,377 - INFO - Loading data from 16_RRvsRCB_meta.json
2026-04-10 20:23:03,415 - INFO - Successfully read from S3 file: 16_RRvsRCB_meta.json
2026-04-10 20:23:03,415 - INFO - Extracting Ball event data..
2026-04-10 20:23:03,620 - INFO - Getting Match Status:
2026-04-10 20:23:03,621 - INFO - MATCH STATE 1: Have Your Say
2026-04-10 20:23:03,622 - INFO - MATCH STATE 2: upcoming
2026-04-10 20:23:03,625 - ERROR - Error in main: 'NoneType' object has no attribute 'text'
2026-04-10 20:24:02,649 - INFO - Directory exists.
2026-04-10 20:24:02,649 - INFO - Metadata file '16_RRvsRCB_meta.json' exists.
2026-04-10 20:24:02,649 - INFO - Loading data from 16_RRvsRCB_meta.json
2026-04-10 20:24:03,555 - INFO - Successfully read from S3 file: 16_RRvsRCB_meta.json
2026-04-10 20:24:03,556 - INFO - Extracting Ball event data..
2026-04-10 20:24:03,753 - INFO - Getting Match Status:
2026-04-10 20:24:03,754 - INFO - MATCH STATE 1: Have Your Say
2026-04-10 20:24:03,755 - INFO - MATCH STATE 2: upcoming
2026-04-10 20:24:03,758 - ERROR - Error in main: 'NoneType' object has no attribute 'text'
2026-04-10 20:25:02,730 - INFO - Directory exists.
2026-04-10 20:25:02,730 - INFO - Metadata file '16_RRvsRCB_meta.json' exists.
2026-04-10 20:25:02,730 - INFO - Loading data from 16_RRvsRCB_meta.json
2026-04-10 20:25:03,623 - INFO - Successfully read from S3 file: 16_RRvsRCB_meta.json
2026-04-10 20:25:03,623 - INFO - Extracting Ball event data..
2026-04-10 20:25:03,802 - INFO - Getting Match Status:
2026-04-10 20:25:03,803 - INFO - MATCH STATE 1: Have Your Say
2026-04-10 20:25:03,804 - INFO - MATCH STATE 2: Start delayed due to rain (RR opt to bowl)
2026-04-10 20:26:02,795 - INFO - Directory exists.
2026-04-10 20:26:02,795 - INFO - Metadata file '16_RRvsRCB_meta.json' exists.
2026-04-10 20:26:02,795 - INFO - Loading data from 16_RRvsRCB_meta.json
2026-04-10 20:26:03,732 - INFO - Successfully read from S3 file: 16_RRvsRCB_meta.json
2026-04-10 20:26:03,733 - INFO - Extracting Ball event data..
2026-04-10 20:26:03,900 - INFO - Getting Match Status:
2026-04-10 20:26:03,901 - INFO - MATCH STATE 1: Have Your Say
2026-04-10 20:26:03,902 - INFO - MATCH STATE 2: Start delayed due to rain (RR opt to bowl)
2026-04-10 20:27:01,889 - INFO - Directory exists.
2026-04-10 20:27:01,889 - INFO - Metadata file '16_RRvsRCB_meta.json' exists.
2026-04-10 20:27:01,889 - INFO - Loading data from 16_RRvsRCB_meta.json
2026-04-10 20:27:02,825 - INFO - Successfully read from S3 file: 16_RRvsRCB_meta.json
2026-04-10 20:27:02,826 - INFO - Extracting Ball event data..
2026-04-10 20:27:03,007 - INFO - Getting Match Status:
2026-04-10 20:27:03,008 - INFO - MATCH STATE 1: Have Your Say
2026-04-10 20:27:03,009 - INFO - MATCH STATE 2: Start delayed due to wet outfield (RR opt to bowl)
2026-04-10 20:28:01,976 - INFO - Directory exists.
2026-04-10 20:28:01,976 - INFO - Metadata file '16_RRvsRCB_meta.json' exists.
2026-04-10 20:28:01,976 - INFO - Loading data from 16_RRvsRCB_meta.json
2026-04-10 20:28:03,074 - INFO - Successfully read from S3 file: 16_RRvsRCB_meta.json
2026-04-10 20:28:03,075 - INFO - Extracting Ball event data..
2026-04-10 20:28:03,308 - INFO - Getting Match Status:
2026-04-10 20:28:03,311 - INFO - MATCH STATE 1: Have Your Say
2026-04-10 20:28:03,314 - INFO - MATCH STATE 2: Start delayed due to wet outfield (RR opt to bowl)
2026-04-10 20:29:02,395 - INFO - Directory exists.
2026-04-10 20:29:02,395 - INFO - Metadata file '16_RRvsRCB_meta.json' exists.
2026-04-10 20:29:02,395 - INFO - Loading data from 16_RRvsRCB_meta.json
2026-04-10 20:29:03,471 - INFO - Successfully read from S3 file: 16_RRvsRCB_meta.json
2026-04-10 20:29:03,471 - INFO - Extracting Ball event data..
2026-04-10 20:29:03,669 - INFO - Getting Match Status:
2026-04-10 20:29:03,670 - INFO - MATCH STATE 1: Have Your Say
2026-04-10 20:29:03,671 - INFO - MATCH STATE 2: Start delayed due to wet outfield (RR opt to bowl)
2026-04-10 20:30:02,680 - INFO - Directory exists.
2026-04-10 20:30:02,681 - INFO - Metadata file '16_RRvsRCB_meta.json' exists.
2026-04-10 20:30:02,681 - INFO - Loading data from 16_RRvsRCB_meta.json
2026-04-10 20:30:03,769 - INFO - Successfully read from S3 file: 16_RRvsRCB_meta.json
2026-04-10 20:30:03,769 - INFO - Extracting Ball event data..
2026-04-10 20:30:03,956 - INFO - Getting Match Status:
2026-04-10 20:30:03,957 - INFO - MATCH STATE 1: Have Your Say
2026-04-10 20:30:03,958 - INFO - MATCH STATE 2: First ball at 8.40pm (RR opt to bowl)
2026-04-10 20:30:03,960 - ERROR - Error in main: 'NoneType' object has no attribute 'text'
2026-04-10 20:31:01,954 - INFO - Directory exists.
2026-04-10 20:31:01,954 - INFO - Metadata file '16_RRvsRCB_meta.json' exists.
2026-04-10 20:31:01,954 - INFO - Loading data from 16_RRvsRCB_meta.json
2026-04-10 20:31:02,978 - INFO - Successfully read from S3 file: 16_RRvsRCB_meta.json
2026-04-10 20:31:02,978 - INFO - Extracting Ball event data..
2026-04-10 20:31:03,154 - INFO - Getting Match Status:
2026-04-10 20:31:03,155 - INFO - MATCH STATE 1: Have Your Say
2026-04-10 20:31:03,156 - INFO - MATCH STATE 2: First ball at 8:40pm (RR opt to bowl)
2026-04-10 20:31:03,158 - ERROR - Error in main: 'NoneType' object has no attribute 'text'
2026-04-10 20:32:02,128 - INFO - Directory exists.
2026-04-10 20:32:02,128 - INFO - Metadata file '16_RRvsRCB_meta.json' exists.
2026-04-10 20:32:02,128 - INFO - Loading data from 16_RRvsRCB_meta.json
2026-04-10 20:32:03,175 - INFO - Successfully read from S3 file: 16_RRvsRCB_meta.json
2026-04-10 20:32:03,175 - INFO - Extracting Ball event data..
2026-04-10 20:32:03,368 - INFO - Getting Match Status:
2026-04-10 20:32:03,369 - INFO - MATCH STATE 1: Have Your Say
2026-04-10 20:32:03,370 - INFO - MATCH STATE 2: First ball at 8:40pm (RR opt to bowl)
2026-04-10 20:32:03,372 - ERROR - Error in main: 'NoneType' object has no attribute 'text'
2026-04-10 20:33:02,341 - INFO - Directory exists.
2026-04-10 20:33:02,341 - INFO - Metadata file '16_RRvsRCB_meta.json' exists.
2026-04-10 20:33:02,341 - INFO - Loading data from 16_RRvsRCB_meta.json
2026-04-10 20:33:03,270 - INFO - Successfully read from S3 file: 16_RRvsRCB_meta.json
2026-04-10 20:33:03,271 - INFO - Extracting Ball event data..
2026-04-10 20:33:03,442 - INFO - Getting Match Status:
2026-04-10 20:33:03,443 - INFO - MATCH STATE 1: Have Your Say
2026-04-10 20:33:03,444 - INFO - MATCH STATE 2: First ball at 8:40pm (RR opt to bowl)
2026-04-10 20:33:03,446 - ERROR - Error in main: 'NoneType' object has no attribute 'text'
2026-04-10 20:34:02,407 - INFO - Directory exists.
2026-04-10 20:34:02,407 - INFO - Metadata file '16_RRvsRCB_meta.json' exists.
2026-04-10 20:34:02,407 - INFO - Loading data from 16_RRvsRCB_meta.json
2026-04-10 20:34:03,485 - INFO - Successfully read from S3 file: 16_RRvsRCB_meta.json
2026-04-10 20:34:03,486 - INFO - Extracting Ball event data..
2026-04-10 20:34:03,690 - INFO - Getting Match Status:
2026-04-10 20:34:03,691 - INFO - MATCH STATE 1: Have Your Say
2026-04-10 20:34:03,692 - INFO - MATCH STATE 2: First ball at 8:40pm (RR opt to bowl)
2026-04-10 20:34:03,695 - ERROR - Error in main: 'NoneType' object has no attribute 'text'
2026-04-10 20:35:02,682 - INFO - Directory exists.
2026-04-10 20:35:02,682 - INFO - Metadata file '16_RRvsRCB_meta.json' exists.
2026-04-10 20:35:02,682 - INFO - Loading data from 16_RRvsRCB_meta.json
2026-04-10 20:35:03,789 - INFO - Successfully read from S3 file: 16_RRvsRCB_meta.json
2026-04-10 20:35:03,789 - INFO - Extracting Ball event data..
2026-04-10 20:35:03,971 - INFO - Getting Match Status:
2026-04-10 20:35:03,972 - INFO - MATCH STATE 1: Have Your Say
2026-04-10 20:35:03,973 - INFO - MATCH STATE 2: First ball at 8:40pm (RR opt to bowl)
2026-04-10 20:35:03,976 - ERROR - Error in main: 'NoneType' object has no attribute 'text'
2026-04-10 20:36:01,957 - INFO - Directory exists.
2026-04-10 20:36:01,958 - INFO - Metadata file '16_RRvsRCB_meta.json' exists.
2026-04-10 20:36:01,958 - INFO - Loading data from 16_RRvsRCB_meta.json
2026-04-10 20:36:03,206 - INFO - Successfully read from S3 file: 16_RRvsRCB_meta.json
2026-04-10 20:36:03,206 - INFO - Extracting Ball event data..
2026-04-10 20:36:03,401 - INFO - Getting Match Status:
2026-04-10 20:36:03,403 - INFO - MATCH STATE 1: Have Your Say
2026-04-10 20:36:03,404 - INFO - MATCH STATE 2: First ball at 8:40pm (RR opt to bowl)
2026-04-10 20:36:03,406 - ERROR - Error in main: 'NoneType' object has no attribute 'text'
2026-04-10 20:37:02,383 - INFO - Directory exists.
2026-04-10 20:37:02,383 - INFO - Metadata file '16_RRvsRCB_meta.json' exists.
2026-04-10 20:37:02,383 - INFO - Loading data from 16_RRvsRCB_meta.json
2026-04-10 20:37:03,394 - INFO - Successfully read from S3 file: 16_RRvsRCB_meta.json
2026-04-10 20:37:03,395 - INFO - Extracting Ball event data..
2026-04-10 20:37:03,578 - INFO - Getting Match Status:
2026-04-10 20:37:03,579 - INFO - MATCH STATE 1: Have Your Say
2026-04-10 20:37:03,580 - INFO - MATCH STATE 2: First ball at 8:40pm (RR opt to bowl)
2026-04-10 20:37:03,582 - ERROR - Error in main: 'NoneType' object has no attribute 'text'
2026-04-10 20:38:02,556 - INFO - Directory exists.
2026-04-10 20:38:02,556 - INFO - Metadata file '16_RRvsRCB_meta.json' exists.
2026-04-10 20:38:02,556 - INFO - Loading data from 16_RRvsRCB_meta.json
2026-04-10 20:38:03,632 - INFO - Successfully read from S3 file: 16_RRvsRCB_meta.json
2026-04-10 20:38:03,633 - INFO - Extracting Ball event data..
2026-04-10 20:38:03,811 - INFO - Getting Match Status:
2026-04-10 20:38:03,813 - INFO - MATCH STATE 1: Have Your Say
2026-04-10 20:38:03,814 - INFO - MATCH STATE 2: First ball at 8:40pm (RR opt to bowl)
2026-04-10 20:38:03,816 - ERROR - Error in main: 'NoneType' object has no attribute 'text'
2026-04-10 20:39:01,792 - INFO - Directory exists.
2026-04-10 20:39:01,792 - INFO - Metadata file '16_RRvsRCB_meta.json' exists.
2026-04-10 20:39:01,792 - INFO - Loading data from 16_RRvsRCB_meta.json
2026-04-10 20:39:02,888 - INFO - Successfully read from S3 file: 16_RRvsRCB_meta.json
2026-04-10 20:39:02,888 - INFO - Extracting Ball event data..
2026-04-10 20:39:03,074 - INFO - Getting Match Status:
2026-04-10 20:39:03,076 - INFO - MATCH STATE 1: Have Your Say
2026-04-10 20:39:03,077 - INFO - MATCH STATE 2: First ball at 8:40pm (RR opt to bowl)
2026-04-10 20:39:03,079 - ERROR - Error in main: 'NoneType' object has no attribute 'text'
2026-04-10 20:40:02,065 - INFO - Directory exists.
2026-04-10 20:40:02,065 - INFO - Metadata file '16_RRvsRCB_meta.json' exists.
2026-04-10 20:40:02,065 - INFO - Loading data from 16_RRvsRCB_meta.json
2026-04-10 20:40:03,089 - INFO - Successfully read from S3 file: 16_RRvsRCB_meta.json
2026-04-10 20:40:03,090 - INFO - Extracting Ball event data..
2026-04-10 20:40:03,286 - INFO - Getting Match Status:
2026-04-10 20:40:03,287 - INFO - MATCH STATE 1: Have Your Say
2026-04-10 20:40:03,288 - INFO - MATCH STATE 2: First ball at 8:40pm (RR opt to bowl)
2026-04-10 20:40:03,291 - ERROR - Error in main: 'NoneType' object has no attribute 'text'
2026-04-10 20:41:02,273 - INFO - Directory exists.
2026-04-10 20:41:02,273 - INFO - Metadata file '16_RRvsRCB_meta.json' exists.
2026-04-10 20:41:02,273 - INFO - Loading data from 16_RRvsRCB_meta.json
2026-04-10 20:41:03,519 - INFO - Successfully read from S3 file: 16_RRvsRCB_meta.json
2026-04-10 20:41:03,519 - INFO - Extracting Ball event data..
2026-04-10 20:41:03,716 - INFO - Getting Match Status:
2026-04-10 20:41:03,718 - INFO - MATCH STATE 1: Have Your Say
2026-04-10 20:41:03,720 - ERROR - Error in main: 'NoneType' object has no attribute 'text'
2026-04-10 20:42:02,695 - INFO - Directory exists.
2026-04-10 20:42:02,695 - INFO - Metadata file '16_RRvsRCB_meta.json' exists.
2026-04-10 20:42:02,695 - INFO - Loading data from 16_RRvsRCB_meta.json
2026-04-10 20:42:03,713 - INFO - Successfully read from S3 file: 16_RRvsRCB_meta.json
2026-04-10 20:42:03,713 - INFO - Extracting Ball event data..
2026-04-10 20:42:03,892 - INFO - Getting Match Status:
2026-04-10 20:42:03,894 - INFO - MATCH STATE 1: Have Your Say
2026-04-10 20:42:03,897 - ERROR - Error in main: 'NoneType' object has no attribute 'text'
2026-04-10 20:43:01,898 - INFO - Directory exists.
2026-04-10 20:43:01,899 - INFO - Metadata file '16_RRvsRCB_meta.json' exists.
2026-04-10 20:43:01,899 - INFO - Loading data from 16_RRvsRCB_meta.json
2026-04-10 20:43:02,991 - INFO - Successfully read from S3 file: 16_RRvsRCB_meta.json
2026-04-10 20:43:02,991 - INFO - Extracting Ball event data..
2026-04-10 20:43:03,164 - INFO - Getting Match Status:
2026-04-10 20:43:03,166 - INFO - MATCH STATE 1: Have Your Say
2026-04-10 20:43:03,169 - ERROR - Error in main: 'NoneType' object has no attribute 'text'
2026-04-10 20:44:02,149 - INFO - Directory exists.
2026-04-10 20:44:02,149 - INFO - Metadata file '16_RRvsRCB_meta.json' exists.
2026-04-10 20:44:02,150 - INFO - Loading data from 16_RRvsRCB_meta.json
2026-04-10 20:44:03,124 - INFO - Successfully read from S3 file: 16_RRvsRCB_meta.json
2026-04-10 20:44:03,124 - INFO - Extracting Ball event data..
2026-04-10 20:44:03,276 - INFO - Getting Match Status:
2026-04-10 20:44:03,278 - INFO - MATCH STATE 1: Have Your Say
2026-04-10 20:44:03,281 - ERROR - Error in main: 'NoneType' object has no attribute 'text'
2026-04-10 20:45:02,264 - INFO - Directory exists.
2026-04-10 20:45:02,265 - INFO - Metadata file '16_RRvsRCB_meta.json' exists.
2026-04-10 20:45:02,265 - INFO - Loading data from 16_RRvsRCB_meta.json
2026-04-10 20:45:03,229 - INFO - Successfully read from S3 file: 16_RRvsRCB_meta.json
2026-04-10 20:45:03,229 - INFO - Extracting Ball event data..
2026-04-10 20:45:03,389 - INFO - Getting Match Status:
2026-04-10 20:45:03,391 - INFO - MATCH STATE 1: Have Your Say
2026-04-10 20:45:03,394 - ERROR - Error in main: 'NoneType' object has no attribute 'text'
2026-04-10 20:46:02,365 - INFO - Directory exists.
2026-04-10 20:46:02,365 - INFO - Metadata file '16_RRvsRCB_meta.json' exists.
2026-04-10 20:46:02,365 - INFO - Loading data from 16_RRvsRCB_meta.json
2026-04-10 20:46:03,334 - INFO - Successfully read from S3 file: 16_RRvsRCB_meta.json
2026-04-10 20:46:03,334 - INFO - Extracting Ball event data..
2026-04-10 20:46:03,495 - INFO - Getting Match Status:
2026-04-10 20:46:03,497 - INFO - MATCH STATE 1: Have Your Say
2026-04-10 20:46:03,500 - ERROR - Error in main: 'NoneType' object has no attribute 'text'
2026-04-10 20:47:02,469 - INFO - Directory exists.
2026-04-10 20:47:02,469 - INFO - Metadata file '16_RRvsRCB_meta.json' exists.
2026-04-10 20:47:02,469 - INFO - Loading data from 16_RRvsRCB_meta.json
2026-04-10 20:47:03,650 - INFO - Successfully read from S3 file: 16_RRvsRCB_meta.json
2026-04-10 20:47:03,651 - INFO - Extracting Ball event data..
2026-04-10 20:47:03,815 - INFO - Getting Match Status:
2026-04-10 20:47:03,817 - INFO - MATCH STATE 1: Have Your Say
2026-04-10 20:47:03,820 - ERROR - Error in main: 'NoneType' object has no attribute 'text'
2026-04-10 20:48:01,823 - INFO - Directory exists.
2026-04-10 20:48:01,823 - INFO - Metadata file '16_RRvsRCB_meta.json' exists.
2026-04-10 20:48:01,823 - INFO - Loading data from 16_RRvsRCB_meta.json
2026-04-10 20:48:02,931 - INFO - Successfully read from S3 file: 16_RRvsRCB_meta.json
2026-04-10 20:48:02,931 - INFO - Extracting Ball event data..
2026-04-10 20:48:03,094 - INFO - Getting Match Status:
2026-04-10 20:48:03,095 - INFO - MATCH STATE 1: Have Your Say
2026-04-10 20:48:03,099 - ERROR - Error in main: 'NoneType' object has no attribute 'text'
2026-04-10 20:49:02,086 - INFO - Directory exists.
2026-04-10 20:49:02,086 - INFO - Metadata file '16_RRvsRCB_meta.json' exists.
2026-04-10 20:49:02,087 - INFO - Loading data from 16_RRvsRCB_meta.json
2026-04-10 20:49:03,037 - INFO - Successfully read from S3 file: 16_RRvsRCB_meta.json
2026-04-10 20:49:03,037 - INFO - Extracting Ball event data..
2026-04-10 20:49:03,289 - INFO - Getting Match Status:
2026-04-10 20:49:03,290 - INFO - MATCH STATE 1: Have Your Say
2026-04-10 20:49:03,293 - ERROR - Error in main: 'NoneType' object has no attribute 'text'
2026-04-10 20:50:02,287 - INFO - Directory exists.
2026-04-10 20:50:02,288 - INFO - Metadata file '16_RRvsRCB_meta.json' exists.
2026-04-10 20:50:02,288 - INFO - Loading data from 16_RRvsRCB_meta.json
2026-04-10 20:50:03,374 - INFO - Successfully read from S3 file: 16_RRvsRCB_meta.json
2026-04-10 20:50:03,375 - INFO - Extracting Ball event data..
2026-04-10 20:50:03,573 - INFO - Getting Match Status:
2026-04-10 20:50:03,575 - INFO - MATCH STATE 1: Have Your Say
2026-04-10 20:50:03,578 - ERROR - Error in main: 'NoneType' object has no attribute 'text'
2026-04-10 20:51:02,564 - INFO - Directory exists.
2026-04-10 20:51:02,564 - INFO - Metadata file '16_RRvsRCB_meta.json' exists.
2026-04-10 20:51:02,564 - INFO - Loading data from 16_RRvsRCB_meta.json
2026-04-10 20:51:03,672 - INFO - Successfully read from S3 file: 16_RRvsRCB_meta.json
2026-04-10 20:51:03,673 - INFO - Extracting Ball event data..
2026-04-10 20:51:03,846 - INFO - Getting Match Status:
2026-04-10 20:51:03,848 - INFO - MATCH STATE 1: Have Your Say
2026-04-10 20:51:03,851 - ERROR - Error in main: 'NoneType' object has no attribute 'text'
2026-04-10 20:52:01,819 - INFO - Directory exists.
2026-04-10 20:52:01,819 - INFO - Metadata file '16_RRvsRCB_meta.json' exists.
2026-04-10 20:52:01,819 - INFO - Loading data from 16_RRvsRCB_meta.json
2026-04-10 20:52:02,763 - INFO - Successfully read from S3 file: 16_RRvsRCB_meta.json
2026-04-10 20:52:02,764 - INFO - Extracting Ball event data..
2026-04-10 20:52:02,966 - INFO - Getting Match Status:
2026-04-10 20:52:02,967 - INFO - MATCH STATE 1: Have Your Say
2026-04-10 20:52:02,970 - ERROR - Error in main: 'NoneType' object has no attribute 'text'
2026-04-10 20:53:01,902 - INFO - Directory exists.
2026-04-10 20:53:01,902 - INFO - Metadata file '16_RRvsRCB_meta.json' exists.
2026-04-10 20:53:01,902 - INFO - Loading data from 16_RRvsRCB_meta.json
2026-04-10 20:53:02,962 - INFO - Successfully read from S3 file: 16_RRvsRCB_meta.json
2026-04-10 20:53:02,962 - INFO - Extracting Ball event data..
2026-04-10 20:53:03,152 - INFO - Getting Match Status:
2026-04-10 20:53:03,153 - INFO - MATCH STATE 1: Have Your Say
2026-04-10 20:53:03,157 - ERROR - Error in main: 'NoneType' object has no attribute 'text'
2026-04-10 20:54:02,107 - INFO - Directory exists.
2026-04-10 20:54:02,107 - INFO - Metadata file '16_RRvsRCB_meta.json' exists.
2026-04-10 20:54:02,107 - INFO - Loading data from 16_RRvsRCB_meta.json
2026-04-10 20:54:03,172 - INFO - Successfully read from S3 file: 16_RRvsRCB_meta.json
2026-04-10 20:54:03,173 - INFO - Extracting Ball event data..
2026-04-10 20:54:03,501 - INFO - Getting Match Status:
2026-04-10 20:54:03,504 - INFO - MATCH STATE 1: Have Your Say
2026-04-10 20:54:03,511 - ERROR - Error in main: 'NoneType' object has no attribute 'text'
2026-04-10 20:55:02,466 - INFO - Directory exists.
2026-04-10 20:55:02,466 - INFO - Metadata file '16_RRvsRCB_meta.json' exists.
2026-04-10 20:55:02,466 - INFO - Loading data from 16_RRvsRCB_meta.json
2026-04-10 20:55:03,594 - INFO - Successfully read from S3 file: 16_RRvsRCB_meta.json
2026-04-10 20:55:03,595 - INFO - Extracting Ball event data..
2026-04-10 20:55:03,757 - INFO - Getting Match Status:
2026-04-10 20:55:03,759 - INFO - MATCH STATE 1: Have Your Say
2026-04-10 20:55:03,762 - ERROR - Error in main: 'NoneType' object has no attribute 'text'
2026-04-10 20:56:02,725 - INFO - Directory exists.
2026-04-10 20:56:02,725 - INFO - Metadata file '16_RRvsRCB_meta.json' exists.
2026-04-10 20:56:02,725 - INFO - Loading data from 16_RRvsRCB_meta.json
2026-04-10 20:56:03,808 - INFO - Successfully read from S3 file: 16_RRvsRCB_meta.json
2026-04-10 20:56:03,808 - INFO - Extracting Ball event data..
2026-04-10 20:56:04,183 - INFO - Getting Match Status:
2026-04-10 20:56:04,185 - INFO - MATCH STATE 1: Have Your Say
2026-04-10 20:56:04,188 - ERROR - Error in main: 'NoneType' object has no attribute 'text'
2026-04-10 20:57:02,141 - INFO - Directory exists.
2026-04-10 20:57:02,142 - INFO - Metadata file '16_RRvsRCB_meta.json' exists.
2026-04-10 20:57:02,142 - INFO - Loading data from 16_RRvsRCB_meta.json
2026-04-10 20:57:03,188 - INFO - Successfully read from S3 file: 16_RRvsRCB_meta.json
2026-04-10 20:57:03,188 - INFO - Extracting Ball event data..
2026-04-10 20:57:03,397 - INFO - Getting Match Status:
2026-04-10 20:57:03,399 - INFO - MATCH STATE 1: Have Your Say
2026-04-10 20:57:03,402 - ERROR - Error in main: 'NoneType' object has no attribute 'text'
2026-04-10 20:58:02,362 - INFO - Directory exists.
2026-04-10 20:58:02,362 - INFO - Metadata file '16_RRvsRCB_meta.json' exists.
2026-04-10 20:58:02,362 - INFO - Loading data from 16_RRvsRCB_meta.json
2026-04-10 20:58:03,400 - INFO - Successfully read from S3 file: 16_RRvsRCB_meta.json
2026-04-10 20:58:03,401 - INFO - Extracting Ball event data..
2026-04-10 20:58:03,570 - INFO - Getting Match Status:
2026-04-10 20:58:03,571 - INFO - MATCH STATE 1: Have Your Say
2026-04-10 20:58:03,575 - ERROR - Error in main: 'NoneType' object has no attribute 'text'
2026-04-10 20:59:02,524 - INFO - Directory exists.
2026-04-10 20:59:02,525 - INFO - Metadata file '16_RRvsRCB_meta.json' exists.
2026-04-10 20:59:02,525 - INFO - Loading data from 16_RRvsRCB_meta.json
2026-04-10 20:59:03,521 - INFO - Successfully read from S3 file: 16_RRvsRCB_meta.json
2026-04-10 20:59:03,522 - INFO - Extracting Ball event data..
2026-04-10 20:59:03,736 - INFO - Getting Match Status:
2026-04-10 20:59:03,737 - INFO - MATCH STATE 1: Have Your Say
2026-04-10 20:59:03,741 - ERROR - Error in main: 'NoneType' object has no attribute 'text'
2026-04-10 21:00:02,700 - INFO - Directory exists.
2026-04-10 21:00:02,701 - INFO - Metadata file '16_RRvsRCB_meta.json' exists.
2026-04-10 21:00:02,701 - INFO - Loading data from 16_RRvsRCB_meta.json
2026-04-10 21:00:03,828 - INFO - Successfully read from S3 file: 16_RRvsRCB_meta.json
2026-04-10 21:00:03,829 - INFO - Extracting Ball event data..
2026-04-10 21:00:04,008 - INFO - Getting Match Status:
2026-04-10 21:00:04,009 - INFO - MATCH STATE 1: Have Your Say
2026-04-10 21:00:04,013 - ERROR - Error in main: 'NoneType' object has no attribute 'text'
2026-04-10 21:01:01,985 - INFO - Directory exists.
2026-04-10 21:01:01,985 - INFO - Metadata file '16_RRvsRCB_meta.json' exists.
2026-04-10 21:01:01,985 - INFO - Loading data from 16_RRvsRCB_meta.json
2026-04-10 21:01:02,984 - INFO - Successfully read from S3 file: 16_RRvsRCB_meta.json
2026-04-10 21:01:02,985 - INFO - Extracting Ball event data..
2026-04-10 21:01:03,227 - INFO - Getting Match Status:
2026-04-10 21:01:03,229 - INFO - MATCH STATE 1: Have Your Say
2026-04-10 21:01:03,233 - ERROR - Error in main: 'NoneType' object has no attribute 'text'
2026-04-10 21:02:02,285 - INFO - Directory exists.
2026-04-10 21:02:02,285 - INFO - Metadata file '16_RRvsRCB_meta.json' exists.
2026-04-10 21:02:02,286 - INFO - Loading data from 16_RRvsRCB_meta.json
2026-04-10 21:02:03,224 - INFO - Successfully read from S3 file: 16_RRvsRCB_meta.json
2026-04-10 21:02:03,224 - INFO - Extracting Ball event data..
2026-04-10 21:02:03,378 - INFO - Getting Match Status:
2026-04-10 21:02:03,380 - INFO - MATCH STATE 1: Have Your Say
2026-04-10 21:02:03,383 - ERROR - Error in main: 'NoneType' object has no attribute 'text'
2026-04-10 21:03:02,689 - INFO - Directory exists.
2026-04-10 21:03:02,689 - INFO - Metadata file '16_RRvsRCB_meta.json' exists.
2026-04-10 21:03:02,689 - INFO - Loading data from 16_RRvsRCB_meta.json
2026-04-10 21:03:03,762 - INFO - Successfully read from S3 file: 16_RRvsRCB_meta.json
2026-04-10 21:03:03,765 - INFO - Extracting Ball event data..
2026-04-10 21:03:04,287 - INFO - Getting Match Status:
2026-04-10 21:03:04,291 - INFO - MATCH STATE 1: Have Your Say
2026-04-10 21:03:04,306 - ERROR - Error in main: 'NoneType' object has no attribute 'text'
2026-04-10 21:04:02,555 - INFO - Directory exists.
2026-04-10 21:04:02,556 - INFO - Metadata file '16_RRvsRCB_meta.json' exists.
2026-04-10 21:04:02,556 - INFO - Loading data from 16_RRvsRCB_meta.json
2026-04-10 21:04:03,490 - INFO - Successfully read from S3 file: 16_RRvsRCB_meta.json
2026-04-10 21:04:03,490 - INFO - Extracting Ball event data..
2026-04-10 21:04:03,655 - INFO - Getting Match Status:
2026-04-10 21:04:03,656 - INFO - MATCH STATE 1: Have Your Say
2026-04-10 21:04:03,660 - ERROR - Error in main: 'NoneType' object has no attribute 'text'
2026-04-10 21:05:02,647.647 INFO     [MainProcess] [MainThread] ex_match_raw.py:172 --- Directory exists.
2026-04-10 21:05:02,647.647 INFO     [MainProcess] [MainThread] ex_match_raw.py:187 --- Metadata file '16_RRvsRCB_meta.json' exists.
2026-04-10 21:05:02,648.648 INFO     [MainProcess] [MainThread] ex_match_raw.py:51 --- Loading data from 16_RRvsRCB_meta.json
2026-04-10 21:05:03,591.591 INFO     [MainProcess] [MainThread] ex_match_raw.py:55 --- Successfully read from S3 file: 16_RRvsRCB_meta.json
2026-04-10 21:05:03,591.591 INFO     [MainProcess] [MainThread] ex_match_raw.py:190 --- Extracting Ball event data..
2026-04-10 21:05:03,780.780 INFO     [MainProcess] [MainThread] ex_match_raw.py:74 --- Getting Match Status...
2026-04-10 21:05:03,782.782 INFO     [MainProcess] [MainThread] ex_match_raw.py:78 --- MATCH STATE 1: have your say
2026-04-10 21:05:03,786.786 ERROR    [MainProcess] [MainThread] ex_match_raw.py:240 --- Error in main: 'NoneType' object has no attribute 'text'
2026-04-10 21:06:01,844.844 INFO     [MainProcess] [MainThread] ex_match_raw.py:172 --- Directory exists.
2026-04-10 21:06:01,844.844 INFO     [MainProcess] [MainThread] ex_match_raw.py:187 --- Metadata file '16_RRvsRCB_meta.json' exists.
2026-04-10 21:06:01,845.845 INFO     [MainProcess] [MainThread] ex_match_raw.py:51 --- Loading data from 16_RRvsRCB_meta.json
2026-04-10 21:06:02,877.877 INFO     [MainProcess] [MainThread] ex_match_raw.py:55 --- Successfully read from S3 file: 16_RRvsRCB_meta.json
2026-04-10 21:06:02,879.879 INFO     [MainProcess] [MainThread] ex_match_raw.py:190 --- Extracting Ball event data..
2026-04-10 21:06:03,181.181 INFO     [MainProcess] [MainThread] ex_match_raw.py:74 --- Getting Match Status...
2026-04-10 21:06:03,187.187 INFO     [MainProcess] [MainThread] ex_match_raw.py:78 --- MATCH STATE 1: have your say
2026-04-10 21:06:03,200.200 ERROR    [MainProcess] [MainThread] ex_match_raw.py:240 --- Error in main: 'NoneType' object has no attribute 'text'
2026-04-10 21:07:02,564.564 INFO     [MainProcess] [MainThread]
ex_match_raw.py:172 --- Directory exists.

2026-04-10 21:07:02,565.565 INFO     [MainProcess] [MainThread]
ex_match_raw.py:187 --- Metadata file '16_RRvsRCB_meta.json' exists.

2026-04-10 21:07:02,565.565 INFO     [MainProcess] [MainThread]
ex_match_raw.py:51 --- Loading data from 16_RRvsRCB_meta.json

2026-04-10 21:07:03,544.544 INFO     [MainProcess] [MainThread]
ex_match_raw.py:55 --- Successfully read from S3 file: 16_RRvsRCB_meta.json

2026-04-10 21:07:03,544.544 INFO     [MainProcess] [MainThread]
ex_match_raw.py:190 --- Extracting Ball event data..

2026-04-10 21:07:03,756.756 INFO     [MainProcess] [MainThread]
ex_match_raw.py:74 --- Getting Match Status...

2026-04-10 21:07:03,757.757 INFO     [MainProcess] [MainThread]
ex_match_raw.py:78 --- MATCH STATE 1: have your say

2026-04-10 21:07:03,761.761 ERROR    [MainProcess] [MainThread]
ex_match_raw.py:240 --- Error in main: 'NoneType' object has no attribute 'text'

2026-04-10 21:08:01,856.856 INFO     [MainProcess] [MainThread]
ex_match_raw.py:173 --- Directory exists.

2026-04-10 21:08:01,856.856 INFO     [MainProcess] [MainThread]
ex_match_raw.py:188 --- Metadata file '16_RRvsRCB_meta.json' exists.

2026-04-10 21:08:01,856.856 INFO     [MainProcess] [MainThread]
ex_match_raw.py:51 --- Loading data from 16_RRvsRCB_meta.json

2026-04-10 21:08:02,803.803 INFO     [MainProcess] [MainThread]
ex_match_raw.py:55 --- Successfully read from S3 file: 16_RRvsRCB_meta.json

2026-04-10 21:08:02,804.804 INFO     [MainProcess] [MainThread]
ex_match_raw.py:191 --- Extracting Ball event data..

2026-04-10 21:08:02,999.999 INFO     [MainProcess] [MainThread]
ex_match_raw.py:74 --- Getting Match Status...

2026-04-10 21:08:03,001.1 INFO     [MainProcess] [MainThread]
ex_match_raw.py:78 --- MATCH STATE 1: have your say

2026-04-10 21:08:03,004.4 ERROR    [MainProcess] [MainThread]
ex_match_raw.py:241 --- Error in main: 'NoneType' object has no attribute 'text'

2026-04-10 21:09:02,042.42 INFO     [MainProcess] [MainThread]
ex_match_raw.py:173 --- Directory exists.

2026-04-10 21:09:02,042.42 INFO     [MainProcess] [MainThread]
ex_match_raw.py:188 --- Metadata file '16_RRvsRCB_meta.json' exists.

2026-04-10 21:09:02,042.42 INFO     [MainProcess] [MainThread]
ex_match_raw.py:51 --- Loading data from 16_RRvsRCB_meta.json

2026-04-10 21:09:02,997.997 INFO     [MainProcess] [MainThread]
ex_match_raw.py:55 --- Successfully read from S3 file: 16_RRvsRCB_meta.json

2026-04-10 21:09:02,997.997 INFO     [MainProcess] [MainThread]
ex_match_raw.py:191 --- Extracting Ball event data..

2026-04-10 21:09:03,195.195 INFO     [MainProcess] [MainThread]
ex_match_raw.py:74 --- Getting Match Status...

2026-04-10 21:09:03,197.197 INFO     [MainProcess] [MainThread]
ex_match_raw.py:78 --- MATCH STATE 1: have your say

2026-04-10 21:09:03,201.201 ERROR    [MainProcess] [MainThread]
ex_match_raw.py:241 --- Error in main: 'NoneType' object has no attribute 'text'

2026-04-10 21:10:02,227.227 INFO     [MainProcess] [MainThread]
ex_match_raw.py:173 --- Directory exists.

2026-04-10 21:10:02,228.228 INFO     [MainProcess] [MainThread]
ex_match_raw.py:188 --- Metadata file '16_RRvsRCB_meta.json' exists.

2026-04-10 21:10:02,228.228 INFO     [MainProcess] [MainThread]
ex_match_raw.py:51 --- Loading data from 16_RRvsRCB_meta.json

2026-04-10 21:10:03,171.171 INFO     [MainProcess] [MainThread]
ex_match_raw.py:55 --- Successfully read from S3 file: 16_RRvsRCB_meta.json

2026-04-10 21:10:03,172.172 INFO     [MainProcess] [MainThread]
ex_match_raw.py:191 --- Extracting Ball event data..

2026-04-10 21:10:03,372.372 INFO     [MainProcess] [MainThread]
ex_match_raw.py:74 --- Getting Match Status...

2026-04-10 21:10:03,374.374 INFO     [MainProcess] [MainThread]
ex_match_raw.py:78 --- MATCH STATE 1: have your say

2026-04-10 21:10:03,377.377 ERROR    [MainProcess] [MainThread]
ex_match_raw.py:241 --- Error in main: 'NoneType' object has no attribute 'text'

2026-04-10 21:11:02,386.386 INFO     [MainProcess] [MainThread]
ex_match_raw.py:174 --- Directory exists.

2026-04-10 21:11:02,386.386 INFO     [MainProcess] [MainThread]
ex_match_raw.py:189 --- Metadata file '16_RRvsRCB_meta.json' exists.

2026-04-10 21:11:02,386.386 INFO     [MainProcess] [MainThread]
ex_match_raw.py:51 --- Loading data from 16_RRvsRCB_meta.json

2026-04-10 21:11:03,349.349 INFO     [MainProcess] [MainThread]
ex_match_raw.py:55 --- Successfully read from S3 file: 16_RRvsRCB_meta.json

2026-04-10 21:11:03,350.350 INFO     [MainProcess] [MainThread]
ex_match_raw.py:192 --- Extracting Ball event data..

2026-04-10 21:11:03,525.525 INFO     [MainProcess] [MainThread]
ex_match_raw.py:74 --- Getting Match Status...

2026-04-10 21:11:03,527.527 INFO     [MainProcess] [MainThread]
ex_match_raw.py:78 --- MATCH STATE 1: have your say

2026-04-10 21:11:03,531.531 ERROR    [MainProcess] [MainThread]
ex_match_raw.py:242 --- Error in main: 'NoneType' object has no attribute 'text'

2026-04-10 21:12:02,497.497 INFO     [MainProcess] [MainThread]
ex_match_raw.py:174 --- Directory exists.

2026-04-10 21:12:02,497.497 INFO     [MainProcess] [MainThread]
ex_match_raw.py:189 --- Metadata file '16_RRvsRCB_meta.json' exists.

2026-04-10 21:12:02,497.497 INFO     [MainProcess] [MainThread]
ex_match_raw.py:51 --- Loading data from 16_RRvsRCB_meta.json

2026-04-10 21:12:03,426.426 INFO     [MainProcess] [MainThread]
ex_match_raw.py:55 --- Successfully read from S3 file: 16_RRvsRCB_meta.json

2026-04-10 21:12:03,426.426 INFO     [MainProcess] [MainThread]
ex_match_raw.py:192 --- Extracting Ball event data..

2026-04-10 21:12:03,604.604 INFO     [MainProcess] [MainThread]
ex_match_raw.py:74 --- Getting Match Status...

2026-04-10 21:12:03,606.606 INFO     [MainProcess] [MainThread]
ex_match_raw.py:78 --- MATCH STATE 1: have your say

2026-04-10 21:12:03,610.610 ERROR    [MainProcess] [MainThread]
ex_match_raw.py:242 --- Error in main: 'NoneType' object has no attribute 'text'

2026-04-10 21:13:02,642.642 INFO     [MainProcess] [MainThread]
ex_match_raw.py:174 --- Directory exists.

2026-04-10 21:13:02,642.642 INFO     [MainProcess] [MainThread]
ex_match_raw.py:189 --- Metadata file '16_RRvsRCB_meta.json' exists.

2026-04-10 21:13:02,643.643 INFO     [MainProcess] [MainThread]
ex_match_raw.py:51 --- Loading data from 16_RRvsRCB_meta.json

2026-04-10 21:13:03,589.589 INFO     [MainProcess] [MainThread]
ex_match_raw.py:55 --- Successfully read from S3 file: 16_RRvsRCB_meta.json

2026-04-10 21:13:03,589.589 INFO     [MainProcess] [MainThread]
ex_match_raw.py:192 --- Extracting Ball event data..

2026-04-10 21:13:03,764.764 INFO     [MainProcess] [MainThread]
ex_match_raw.py:74 --- Getting Match Status...

2026-04-10 21:13:03,765.765 INFO     [MainProcess] [MainThread]
ex_match_raw.py:78 --- MATCH STATE 1: have your say

2026-04-10 21:13:03,769.769 ERROR    [MainProcess] [MainThread]
ex_match_raw.py:242 --- Error in main: 'NoneType' object has no attribute 'text'

2026-04-10 21:14:02,776.776 INFO     [MainProcess] [MainThread]
ex_match_raw.py:174 --- Directory exists.

2026-04-10 21:14:02,777.777 INFO     [MainProcess] [MainThread]
ex_match_raw.py:189 --- Metadata file '16_RRvsRCB_meta.json' exists.

2026-04-10 21:14:02,777.777 INFO     [MainProcess] [MainThread]
ex_match_raw.py:51 --- Loading data from 16_RRvsRCB_meta.json

2026-04-10 21:14:03,656.656 INFO     [MainProcess] [MainThread]
ex_match_raw.py:55 --- Successfully read from S3 file: 16_RRvsRCB_meta.json

2026-04-10 21:14:03,656.656 INFO     [MainProcess] [MainThread]
ex_match_raw.py:192 --- Extracting Ball event data..

2026-04-10 21:14:03,822.822 INFO     [MainProcess] [MainThread]
ex_match_raw.py:74 --- Getting Match Status...

2026-04-10 21:14:03,823.823 INFO     [MainProcess] [MainThread]
ex_match_raw.py:78 --- MATCH STATE 1: have your say

2026-04-10 21:14:03,827.827 INFO     [MainProcess] [MainThread]
ex_match_raw.py:129 --- 
Over: 6.1,
Event: 1 run,
Info: Ravi Bishnoi to Rajat Patidar, 1 run, Bishnoi goes wide of his crease and darts it in, Patidar bunts it down to long-on

2026-04-10 21:14:03,828.828 INFO     [MainProcess] [MainThread]
ex_match_raw.py:129 --- 
Over: 6.2,
Event: out Caught by Shimron Hetmyer!! This is an even better catch than what he took a while ago. Krunal Pandya c Shimron Hetmyer b Ravi Bishnoi 1(6),
Info: Ravi Bishnoi to Krunal Pandya, out Caught by Shimron Hetmyer!! This is an even better catch than what he took a while ago. Krunal Pandya c Shimron Hetmyer b Ravi Bishnoi 1(6)

2026-04-10 21:14:03,828.828 INFO     [MainProcess] [MainThread]
ex_match_raw.py:211 --- Ball data written to 16_RRvsRCB_data.json

2026-04-10 21:14:03,828.828 INFO     [MainProcess] [MainThread]
ex_match_raw.py:211 --- Ball data written to 16_RRvsRCB_data.json

2026-04-10 21:14:04,401.401 INFO     [MainProcess] [MainThread]
ex_match_raw.py:43 --- Successfully uploaded 16_RRvsRCB-21:14:02.csv to s3://ipl-data-2026-raw/data/match/16_RRvsRCB/16_RRvsRCB-21:14:02.csv

2026-04-10 21:15:02,418.418 INFO     [MainProcess] [MainThread]
ex_match_raw.py:174 --- Directory exists.

2026-04-10 21:15:02,418.418 INFO     [MainProcess] [MainThread]
ex_match_raw.py:189 --- Metadata file '16_RRvsRCB_meta.json' exists.

2026-04-10 21:15:02,418.418 INFO     [MainProcess] [MainThread]
ex_match_raw.py:51 --- Loading data from 16_RRvsRCB_meta.json

2026-04-10 21:15:03,365.365 INFO     [MainProcess] [MainThread]
ex_match_raw.py:55 --- Successfully read from S3 file: 16_RRvsRCB_meta.json

2026-04-10 21:15:03,365.365 INFO     [MainProcess] [MainThread]
ex_match_raw.py:192 --- Extracting Ball event data..

2026-04-10 21:15:03,566.566 INFO     [MainProcess] [MainThread]
ex_match_raw.py:74 --- Getting Match Status...

2026-04-10 21:15:03,568.568 INFO     [MainProcess] [MainThread]
ex_match_raw.py:78 --- MATCH STATE 1: have your say

2026-04-10 21:15:03,575.575 INFO     [MainProcess] [MainThread]
ex_match_raw.py:129 --- 
Over: 6.1,
Event: 1 run,
Info: Ravi Bishnoi to Rajat Patidar, 1 run, Bishnoi goes wide of his crease and darts it in, Patidar bunts it down to long-on

2026-04-10 21:15:03,576.576 INFO     [MainProcess] [MainThread]
ex_match_raw.py:129 --- 
Over: 6.2,
Event: out Caught by Shimron Hetmyer!! This is an even better catch than what he took a while ago. This was flat,
Info: Ravi Bishnoi to Krunal Pandya, out Caught by Shimron Hetmyer!! This is an even better catch than what he took a while ago. This was flat, was coming hard at it him, Hetmyer dives forward and takes a screamer inches above the ground. Krunal comes down the track early, Bishnoi spots it and bowls the googly away from the left-hander's reach. Krunal Pandya c Shimron Hetmyer b Ravi Bishnoi 1(6)

2026-04-10 21:15:03,576.576 INFO     [MainProcess] [MainThread]
ex_match_raw.py:211 --- Ball data written to 16_RRvsRCB_data.json

2026-04-10 21:15:03,576.576 INFO     [MainProcess] [MainThread]
ex_match_raw.py:211 --- Ball data written to 16_RRvsRCB_data.json

2026-04-10 21:15:04,179.179 INFO     [MainProcess] [MainThread]
ex_match_raw.py:43 --- Successfully uploaded 16_RRvsRCB-21:15:02.csv to s3://ipl-data-2026-raw/data/match/16_RRvsRCB/16_RRvsRCB-21:15:02.csv

2026-04-10 21:16:02,282.282 INFO     [MainProcess] [MainThread]
ex_match_raw.py:174 --- Directory exists.

2026-04-10 21:16:02,282.282 INFO     [MainProcess] [MainThread]
ex_match_raw.py:189 --- Metadata file '16_RRvsRCB_meta.json' exists.

2026-04-10 21:16:02,282.282 INFO     [MainProcess] [MainThread]
ex_match_raw.py:51 --- Loading data from 16_RRvsRCB_meta.json

2026-04-10 21:16:03,178.178 INFO     [MainProcess] [MainThread]
ex_match_raw.py:55 --- Successfully read from S3 file: 16_RRvsRCB_meta.json

2026-04-10 21:16:03,178.178 INFO     [MainProcess] [MainThread]
ex_match_raw.py:192 --- Extracting Ball event data..

2026-04-10 21:16:03,361.361 INFO     [MainProcess] [MainThread]
ex_match_raw.py:74 --- Getting Match Status...

2026-04-10 21:16:03,364.364 INFO     [MainProcess] [MainThread]
ex_match_raw.py:79 --- MATCH STATE 1: have your say

2026-04-10 21:16:03,369.369 INFO     [MainProcess] [MainThread]
ex_match_raw.py:92 --- MATCH STATE 3: rajasthan royals opt to bowl

2026-04-10 21:16:03,374.374 INFO     [MainProcess] [MainThread]
ex_match_raw.py:129 --- 
Over: 6.4,
Event: 1 run,
Info: Ravi Bishnoi to Jitesh Sharma, 1 run, Jitesh gets across and clips the leg-break to square leg

2026-04-10 21:16:03,374.374 INFO     [MainProcess] [MainThread]
ex_match_raw.py:129 --- 
Over: 6.5,
Event: 1 run,
Info: Ravi Bishnoi to Rajat Patidar, 1 run, to long-off

2026-04-10 21:16:03,374.374 INFO     [MainProcess] [MainThread]
ex_match_raw.py:211 --- Ball data written to 16_RRvsRCB_data.json

2026-04-10 21:16:03,374.374 INFO     [MainProcess] [MainThread]
ex_match_raw.py:211 --- Ball data written to 16_RRvsRCB_data.json

2026-04-10 21:16:03,957.957 INFO     [MainProcess] [MainThread]
ex_match_raw.py:43 --- Successfully uploaded 16_RRvsRCB-21:16:02.csv to s3://ipl-data-2026-raw/data/match/16_RRvsRCB/16_RRvsRCB-21:16:02.csv

2026-04-10 21:17:02,050.50 INFO     [MainProcess] [MainThread]
ex_match_raw.py:174 --- Directory exists.

2026-04-10 21:17:02,050.50 INFO     [MainProcess] [MainThread]
ex_match_raw.py:189 --- Metadata file '16_RRvsRCB_meta.json' exists.

2026-04-10 21:17:02,051.51 INFO     [MainProcess] [MainThread]
ex_match_raw.py:51 --- Loading data from 16_RRvsRCB_meta.json

2026-04-10 21:17:03,028.28 INFO     [MainProcess] [MainThread]
ex_match_raw.py:55 --- Successfully read from S3 file: 16_RRvsRCB_meta.json

2026-04-10 21:17:03,028.28 INFO     [MainProcess] [MainThread]
ex_match_raw.py:192 --- Extracting Ball event data..

2026-04-10 21:17:03,251.251 INFO     [MainProcess] [MainThread]
ex_match_raw.py:74 --- Getting Match Status...

2026-04-10 21:17:03,260.260 INFO     [MainProcess] [MainThread]
ex_match_raw.py:79 --- MATCH STATE 1: have your say

2026-04-10 21:17:03,277.277 INFO     [MainProcess] [MainThread]
ex_match_raw.py:92 --- MATCH STATE 3: rajasthan royals opt to bowl

2026-04-10 21:17:03,284.284 INFO     [MainProcess] [MainThread]
ex_match_raw.py:129 --- 
Over: 6.5,
Event: 1 run,
Info: Ravi Bishnoi to Rajat Patidar, 1 run, half-volley outside off, driven down to long-off

2026-04-10 21:17:03,284.284 INFO     [MainProcess] [MainThread]
ex_match_raw.py:129 --- 
Over: 6.6,
Event: 1 run,
Info: Ravi Bishnoi to Jitesh Sharma, 1 run, to mid-wicket

2026-04-10 21:17:03,284.284 INFO     [MainProcess] [MainThread]
ex_match_raw.py:211 --- Ball data written to 16_RRvsRCB_data.json

2026-04-10 21:17:03,284.284 INFO     [MainProcess] [MainThread]
ex_match_raw.py:211 --- Ball data written to 16_RRvsRCB_data.json

2026-04-10 21:17:03,865.865 INFO     [MainProcess] [MainThread]
ex_match_raw.py:43 --- Successfully uploaded 16_RRvsRCB-21:17:02.csv to s3://ipl-data-2026-raw/data/match/16_RRvsRCB/16_RRvsRCB-21:17:02.csv

